19:07:01.042 request:
1 > POST http://dummy.restapiexample.com/api/v1/create
1 > Accept-Encoding: gzip,deflate
1 > Connection: Keep-Alive
1 > Content-Length: 45
1 > Content-Type: application/json; charset=UTF-8
1 > Host: dummy.restapiexample.com
1 > User-Agent: Apache-HttpClient/4.5.12 (Java/1.8.0_252)
{"name":"Bhardwaj","salary":15000,"age":"22"}

19:07:03.094 response time in milliseconds: 2007.87
1 < 200
1 < Access-Control-Allow-Origin: *
1 < Access-Control-Expose-Headers: Content-Type, X-Requested-With, X-authentication, X-client
1 < Cache-Control: no-store, no-cache, must-revalidate
1 < Content-Length: 81
1 < Content-Type: application/json;charset=utf-8
1 < Date: Sat, 20 Jun 2020 13:37:03 GMT
1 < Display: staticcontent_sol
1 < Expires: Thu, 19 Nov 1981 08:52:00 GMT
1 < Host-Header: c2hhcmVkLmJsdWVob3N0LmNvbQ==
1 < Pragma: no-cache
1 < Referrer-Policy: 
1 < Response: 200
1 < Server: nginx/1.16.0
1 < Set-Cookie: PHPSESSID=361d2d0f593cb718423c8bf8a934fbd4; path=/
1 < Vary: [Accept-Encoding, Accept-Encoding,Origin,X-APP-JSON]
1 < X-Ezoic-Cdn: Miss
1 < X-Middleton-Display: staticcontent_sol
1 < X-Middleton-Response: 200
1 < X-Sol: pub_site
{"status":"success","data":{"name":"Bhardwaj","salary":15000,"age":"22","id":69}}

19:07:03.097 [print] {
  "data": {
    "name": "Bhardwaj",
    "id": 69,
    "salary": 15000,
    "age": "22"
  },
  "status": "success"
}

19:07:03.118 request:
2 > PUT http://dummy.restapiexample.com/api/v1/update/69
2 > Accept-Encoding: gzip,deflate
2 > Connection: Keep-Alive
2 > Content-Length: 43
2 > Content-Type: application/json; charset=UTF-8
2 > Cookie: PHPSESSID=361d2d0f593cb718423c8bf8a934fbd4
2 > Host: dummy.restapiexample.com
2 > User-Agent: Apache-HttpClient/4.5.12 (Java/1.8.0_252)
{"name":"test1","salary":"1123","age":"23"}

19:07:04.351 response time in milliseconds: 1231.19
2 < 200
2 < Access-Control-Allow-Origin: *
2 < Access-Control-Expose-Headers: Content-Type, X-Requested-With, X-authentication, X-client
2 < Cache-Control: no-store, no-cache, must-revalidate
2 < Content-Length: 106
2 < Content-Type: application/json;charset=utf-8
2 < Date: Sat, 20 Jun 2020 13:37:04 GMT
2 < Display: staticcontent_sol
2 < Expires: Thu, 19 Nov 1981 08:52:00 GMT
2 < Host-Header: c2hhcmVkLmJsdWVob3N0LmNvbQ==
2 < Pragma: no-cache
2 < Referrer-Policy: 
2 < Response: 200
2 < Server: nginx/1.16.0
2 < Vary: [Accept-Encoding, Accept-Encoding,Origin,X-APP-JSON]
2 < X-Ezoic-Cdn: Miss
2 < X-Middleton-Display: staticcontent_sol
2 < X-Middleton-Response: 200
2 < X-Sol: pub_site
{"status":"success","data":{"employee_name":"test1","employee_salary":"1123","employee_age":"23","id":69}}

19:07:04.352 [print] {
  "data": {
    "employee_name": "test1",
    "employee_salary": "1123",
    "id": 69,
    "employee_age": "23"
  },
  "status": "success"
}

